<?xml version="1.0" encoding="UTF-8"?>
<!-- Generated by org.testng.reporters.JUnitReportReporter -->
<testsuite hostname="LAPTOP-P92KHMHN" failures="0" tests="1" name="test.VerifyMenu" time="26.925" errors="0" timestamp="2024-08-19T20:35:05 IST" skipped="0">
  <testcase classname="test.VerifyMenu" name="verifyTC" time="26.925"/>
</testsuite> <!-- test.VerifyMenu -->
