<?xml version="1.0" encoding="UTF-8"?>
<!-- Generated by org.testng.reporters.JUnitReportReporter -->
<testsuite hostname="LAPTOP-P92KHMHN" failures="0" tests="1" name="test.BLinkTC_001" time="19.325" errors="0" timestamp="2024-08-26T17:44:12 IST" skipped="0">
  <testcase classname="test.BLinkTC_001" name="linkVerify" time="19.325"/>
</testsuite> <!-- test.BLinkTC_001 -->
