<?xml version="1.0" encoding="UTF-8"?>
<!-- Generated by org.testng.reporters.JUnitReportReporter -->
<testsuite hostname="LAPTOP-P92KHMHN" failures="0" tests="1" name="test.VerifyMenuTC_002" time="47.956" errors="0" timestamp="2024-08-26T17:44:12 IST" skipped="0">
  <testcase classname="test.VerifyMenuTC_002" name="verifyTCInvalid" time="47.956"/>
</testsuite> <!-- test.VerifyMenuTC_002 -->
